<?xml version="1.0" encoding="UTF-8"?>
<testsuite xmlns:xsi="http://www.w3.org/2001/XMLSchema-instance" xsi:noNamespaceSchemaLocation="https://maven.apache.org/surefire/maven-surefire-plugin/xsd/surefire-test-report.xsd" version="3.0.2" name="fr.univ_lyon1.info.m1.microblog.dto.YDataTest" time="0.029" tests="6" errors="0" skipped="0" failures="0">
  <properties>
    <property name="java.specification.version" value="23"/>
    <property name="sun.jnu.encoding" value="UTF-8"/>
    <property name="java.class.path" value="/Users/oukhtykitty/Desktop/Cours/M1/S1/GL/mif01/microblog/target/test-classes:/Users/oukhtykitty/Desktop/Cours/M1/S1/GL/mif01/microblog/target/classes:/Users/oukhtykitty/.m2/repository/org/junit/jupiter/junit-jupiter-engine/5.10.3/junit-jupiter-engine-5.10.3.jar:/Users/oukhtykitty/.m2/repository/org/junit/platform/junit-platform-engine/1.10.3/junit-platform-engine-1.10.3.jar:/Users/oukhtykitty/.m2/repository/org/opentest4j/opentest4j/1.3.0/opentest4j-1.3.0.jar:/Users/oukhtykitty/.m2/repository/org/junit/platform/junit-platform-commons/1.10.3/junit-platform-commons-1.10.3.jar:/Users/oukhtykitty/.m2/repository/org/junit/jupiter/junit-jupiter-api/5.10.3/junit-jupiter-api-5.10.3.jar:/Users/oukhtykitty/.m2/repository/org/apiguardian/apiguardian-api/1.1.2/apiguardian-api-1.1.2.jar:/Users/oukhtykitty/.m2/repository/org/hamcrest/hamcrest/2.2/hamcrest-2.2.jar:/Users/oukhtykitty/.m2/repository/org/openjfx/javafx-controls/22.0.1/javafx-controls-22.0.1.jar:/Users/oukhtykitty/.m2/repository/org/openjfx/javafx-controls/22.0.1/javafx-controls-22.0.1-mac-aarch64.jar:/Users/oukhtykitty/.m2/repository/org/openjfx/javafx-graphics/22.0.1/javafx-graphics-22.0.1.jar:/Users/oukhtykitty/.m2/repository/org/openjfx/javafx-graphics/22.0.1/javafx-graphics-22.0.1-mac-aarch64.jar:/Users/oukhtykitty/.m2/repository/org/openjfx/javafx-base/22.0.1/javafx-base-22.0.1.jar:/Users/oukhtykitty/.m2/repository/org/openjfx/javafx-base/22.0.1/javafx-base-22.0.1-mac-aarch64.jar:/Users/oukhtykitty/.m2/repository/com/fasterxml/jackson/core/jackson-databind/2.17.2/jackson-databind-2.17.2.jar:/Users/oukhtykitty/.m2/repository/com/fasterxml/jackson/core/jackson-annotations/2.17.2/jackson-annotations-2.17.2.jar:/Users/oukhtykitty/.m2/repository/com/fasterxml/jackson/core/jackson-core/2.17.2/jackson-core-2.17.2.jar:/Users/oukhtykitty/.m2/repository/org/testfx/testfx-core/4.0.16-alpha/testfx-core-4.0.16-alpha.jar:/Users/oukhtykitty/.m2/repository/org/hamcrest/hamcrest-core/1.3/hamcrest-core-1.3.jar:/Users/oukhtykitty/.m2/repository/org/assertj/assertj-core/3.13.2/assertj-core-3.13.2.jar:/Users/oukhtykitty/.m2/repository/org/testfx/testfx-junit5/4.0.16-alpha/testfx-junit5-4.0.16-alpha.jar:"/>
    <property name="java.vm.vendor" value="Homebrew"/>
    <property name="sun.arch.data.model" value="64"/>
    <property name="java.vendor.url" value="https://github.com/Homebrew/homebrew-core/issues"/>
    <property name="os.name" value="Mac OS X"/>
    <property name="java.vm.specification.version" value="23"/>
    <property name="sun.java.launcher" value="SUN_STANDARD"/>
    <property name="user.country" value="FR"/>
    <property name="sun.boot.library.path" value="/opt/homebrew/Cellar/openjdk/23.0.1/libexec/openjdk.jdk/Contents/Home/lib"/>
    <property name="sun.java.command" value="/Users/oukhtykitty/Desktop/Cours/M1/S1/GL/mif01/microblog/target/surefire/surefirebooter-20241215223228128_3.jar /Users/oukhtykitty/Desktop/Cours/M1/S1/GL/mif01/microblog/target/surefire 2024-12-15T22-32-28_076-jvmRun1 surefire-20241215223228128_1tmp surefire_0-20241215223228128_2tmp"/>
    <property name="http.nonProxyHosts" value="local|*.local|169.254/16|*.169.254/16"/>
    <property name="jdk.debug" value="release"/>
    <property name="surefire.test.class.path" value="/Users/oukhtykitty/Desktop/Cours/M1/S1/GL/mif01/microblog/target/test-classes:/Users/oukhtykitty/Desktop/Cours/M1/S1/GL/mif01/microblog/target/classes:/Users/oukhtykitty/.m2/repository/org/junit/jupiter/junit-jupiter-engine/5.10.3/junit-jupiter-engine-5.10.3.jar:/Users/oukhtykitty/.m2/repository/org/junit/platform/junit-platform-engine/1.10.3/junit-platform-engine-1.10.3.jar:/Users/oukhtykitty/.m2/repository/org/opentest4j/opentest4j/1.3.0/opentest4j-1.3.0.jar:/Users/oukhtykitty/.m2/repository/org/junit/platform/junit-platform-commons/1.10.3/junit-platform-commons-1.10.3.jar:/Users/oukhtykitty/.m2/repository/org/junit/jupiter/junit-jupiter-api/5.10.3/junit-jupiter-api-5.10.3.jar:/Users/oukhtykitty/.m2/repository/org/apiguardian/apiguardian-api/1.1.2/apiguardian-api-1.1.2.jar:/Users/oukhtykitty/.m2/repository/org/hamcrest/hamcrest/2.2/hamcrest-2.2.jar:/Users/oukhtykitty/.m2/repository/org/openjfx/javafx-controls/22.0.1/javafx-controls-22.0.1.jar:/Users/oukhtykitty/.m2/repository/org/openjfx/javafx-controls/22.0.1/javafx-controls-22.0.1-mac-aarch64.jar:/Users/oukhtykitty/.m2/repository/org/openjfx/javafx-graphics/22.0.1/javafx-graphics-22.0.1.jar:/Users/oukhtykitty/.m2/repository/org/openjfx/javafx-graphics/22.0.1/javafx-graphics-22.0.1-mac-aarch64.jar:/Users/oukhtykitty/.m2/repository/org/openjfx/javafx-base/22.0.1/javafx-base-22.0.1.jar:/Users/oukhtykitty/.m2/repository/org/openjfx/javafx-base/22.0.1/javafx-base-22.0.1-mac-aarch64.jar:/Users/oukhtykitty/.m2/repository/com/fasterxml/jackson/core/jackson-databind/2.17.2/jackson-databind-2.17.2.jar:/Users/oukhtykitty/.m2/repository/com/fasterxml/jackson/core/jackson-annotations/2.17.2/jackson-annotations-2.17.2.jar:/Users/oukhtykitty/.m2/repository/com/fasterxml/jackson/core/jackson-core/2.17.2/jackson-core-2.17.2.jar:/Users/oukhtykitty/.m2/repository/org/testfx/testfx-core/4.0.16-alpha/testfx-core-4.0.16-alpha.jar:/Users/oukhtykitty/.m2/repository/org/hamcrest/hamcrest-core/1.3/hamcrest-core-1.3.jar:/Users/oukhtykitty/.m2/repository/org/assertj/assertj-core/3.13.2/assertj-core-3.13.2.jar:/Users/oukhtykitty/.m2/repository/org/testfx/testfx-junit5/4.0.16-alpha/testfx-junit5-4.0.16-alpha.jar:"/>
    <property name="sun.cpu.endian" value="little"/>
    <property name="user.home" value="/Users/oukhtykitty"/>
    <property name="user.language" value="fr"/>
    <property name="java.specification.vendor" value="Oracle Corporation"/>
    <property name="java.version.date" value="2024-10-15"/>
    <property name="java.home" value="/opt/homebrew/Cellar/openjdk/23.0.1/libexec/openjdk.jdk/Contents/Home"/>
    <property name="file.separator" value="/"/>
    <property name="basedir" value="/Users/oukhtykitty/Desktop/Cours/M1/S1/GL/mif01/microblog"/>
    <property name="java.vm.compressedOopsMode" value="Zero based"/>
    <property name="line.separator" value="&#10;"/>
    <property name="java.vm.specification.vendor" value="Oracle Corporation"/>
    <property name="java.specification.name" value="Java Platform API Specification"/>
    <property name="apple.awt.application.name" value="ForkedBooter"/>
    <property name="surefire.real.class.path" value="/Users/oukhtykitty/Desktop/Cours/M1/S1/GL/mif01/microblog/target/surefire/surefirebooter-20241215223228128_3.jar"/>
    <property name="sun.management.compiler" value="HotSpot 64-Bit Tiered Compilers"/>
    <property name="ftp.nonProxyHosts" value="local|*.local|169.254/16|*.169.254/16"/>
    <property name="java.runtime.version" value="23.0.1"/>
    <property name="user.name" value="oukhtykitty"/>
    <property name="stdout.encoding" value="UTF-8"/>
    <property name="path.separator" value=":"/>
    <property name="os.version" value="13.1"/>
    <property name="java.runtime.name" value="OpenJDK Runtime Environment"/>
    <property name="file.encoding" value="UTF-8"/>
    <property name="java.vm.name" value="OpenJDK 64-Bit Server VM"/>
    <property name="java.vendor.version" value="Homebrew"/>
    <property name="localRepository" value="/Users/oukhtykitty/.m2/repository"/>
    <property name="java.vendor.url.bug" value="https://github.com/Homebrew/homebrew-core/issues"/>
    <property name="java.io.tmpdir" value="/var/folders/19/8yngj8ld38s6_zfjpsb8xlb80000gn/T/"/>
    <property name="java.version" value="23.0.1"/>
    <property name="user.dir" value="/Users/oukhtykitty/Desktop/Cours/M1/S1/GL/mif01/microblog"/>
    <property name="os.arch" value="aarch64"/>
    <property name="java.vm.specification.name" value="Java Virtual Machine Specification"/>
    <property name="native.encoding" value="UTF-8"/>
    <property name="java.library.path" value="/Users/oukhtykitty/Library/Java/Extensions:/Library/Java/Extensions:/Network/Library/Java/Extensions:/System/Library/Java/Extensions:/usr/lib/java:."/>
    <property name="java.vm.info" value="mixed mode, sharing"/>
    <property name="stderr.encoding" value="UTF-8"/>
    <property name="java.vendor" value="Homebrew"/>
    <property name="java.vm.version" value="23.0.1"/>
    <property name="sun.io.unicode.encoding" value="UnicodeBig"/>
    <property name="socksNonProxyHosts" value="local|*.local|169.254/16|*.169.254/16"/>
    <property name="java.class.version" value="67.0"/>
  </properties>
  <testcase name="testSetAndGetUsers" classname="fr.univ_lyon1.info.m1.microblog.dto.YDataTest" time="0.012"/>
  <testcase name="testSetAndGetMessages" classname="fr.univ_lyon1.info.m1.microblog.dto.YDataTest" time="0.0"/>
  <testcase name="testSetUsersToNull" classname="fr.univ_lyon1.info.m1.microblog.dto.YDataTest" time="0.0"/>
  <testcase name="testDefaultState" classname="fr.univ_lyon1.info.m1.microblog.dto.YDataTest" time="0.0"/>
  <testcase name="testSetAndGetCurrentUser" classname="fr.univ_lyon1.info.m1.microblog.dto.YDataTest" time="0.001"/>
  <testcase name="testSetMessagesToNull" classname="fr.univ_lyon1.info.m1.microblog.dto.YDataTest" time="0.0"/>
</testsuite>